TN:
SF:src/index.js
FNF:0
FNH:0
DA:1,1
DA:2,1
DA:3,1
DA:4,1
DA:5,1
DA:6,1
DA:7,1
DA:8,1
DA:9,1
DA:10,1
DA:11,1
DA:12,1
DA:13,1
DA:14,1
DA:15,1
DA:16,1
DA:17,1
DA:18,1
DA:19,1
DA:20,1
DA:21,1
DA:22,1
LF:22
LH:22
BRDA:4,0,0,1
BRF:1
BRH:1
end_of_record
TN:
SF:src/person.js
FN:2,validade
FN:7,save
FN:15,process
FN:22,format
FNF:4
FNH:2
FNDA:2,validade
FNDA:0,save
FNDA:2,process
FNDA:0,format
DA:1,1
DA:2,1
DA:3,2
DA:4,1
DA:5,2
DA:6,1
DA:7,1
DA:8,0
DA:9,0
DA:10,0
DA:11,0
DA:12,0
DA:13,0
DA:14,1
DA:15,1
DA:16,2
DA:17,2
DA:18,2
DA:19,2
DA:20,2
DA:21,1
DA:22,1
DA:23,0
DA:24,0
DA:25,0
DA:26,0
DA:27,0
DA:28,0
DA:29,0
DA:30,1
DA:31,1
DA:32,1
LF:32
LH:19
BRDA:2,0,0,2
BRDA:3,1,0,1
BRDA:15,2,0,2
BRF:3
BRH:3
end_of_record
TN:
SF:src/server.js
FNF:0
FNH:0
DA:1,1
DA:2,1
DA:3,1
DA:4,1
DA:5,3
DA:6,1
DA:7,1
DA:8,1
DA:9,1
DA:10,2
DA:11,2
DA:12,2
DA:13,2
DA:14,2
DA:15,2
DA:16,2
DA:17,2
DA:18,2
DA:19,2
DA:20,2
DA:21,2
DA:22,2
DA:23,2
DA:24,2
DA:25,2
DA:26,2
DA:27,0
DA:28,0
DA:29,0
DA:30,0
DA:31,1
DA:32,1
DA:33,1
LF:33
LH:29
BRDA:4,0,0,3
BRDA:5,1,0,1
BRDA:9,2,0,2
BRDA:26,3,0,0
BRF:4
BRH:3
end_of_record
